
  Level     TimeStamp    DeltaTime    Message
   Info -   0.000000 s        0 nS  Kt34400(USB0::0x2A8D::0x8E01::CN62180061::0::INSTR, true, true, QueryInstrStatus=True, Simulate=False, Trace=True)
  Error -   0.014974 s     15.0 mS  Failed to open Resource manager
   Info -   0.017846 s      2.9 mS  --- Kt34400.Close() ---
   Info -   0.021138 s      3.3 mS  2024-04-29 00_43_57 - flush request

  Level     TimeStamp    DeltaTime    Message
   Info -   0.000000 s        0 nS  Kt34400(USB0::0x2A8D::0x8E01::CN62180061::0::INSTR, true, true, QueryInstrStatus=True, Simulate=False, Trace=True)
  Error -   0.017821 s     17.8 mS  Failed to open Resource manager
   Info -   0.018990 s      1.2 mS  --- Kt34400.Close() ---
   Info -   0.021382 s      2.4 mS  2024-04-29 01_07_20 - flush request

  Level     TimeStamp    DeltaTime    Message
   Info -   0.000000 s        0 nS  Kt34400(USB0::0x2A8D::0x8E01::CN62180061::0::INSTR, true, true, QueryInstrStatus=True, Simulate=False, Trace=True)
  Error -   0.016284 s     16.3 mS  Failed to open Resource manager
   Info -   0.018936 s      2.7 mS  --- Kt34400.Close() ---
   Info -   0.020551 s      1.6 mS  2024-04-29 01_08_18 - flush request

  Level     TimeStamp    DeltaTime    Message
   Info -   0.000000 s        0 nS  Kt34400(USB0::0x2A8D::0x8E01::CN62180061::0::INSTR, true, true, QueryInstrStatus=True, Simulate=False, Trace=True)
  Error -   0.010501 s     10.5 mS  Failed to open Resource manager
   Info -   0.012884 s      2.4 mS  --- Kt34400.Close() ---
   Info -   0.014011 s      1.1 mS  2024-04-29 01_13_16 - flush request

  Level     TimeStamp    DeltaTime    Message
   Info -   0.000000 s        0 nS  Kt34400(USB0::0x2A8D::0x8E01::CN62180061::0::INSTR, true, true, QueryInstrStatus=True, Simulate=False, Trace=True)
  Error -   0.008972 s      9.0 mS  Failed to open Resource manager
   Info -   0.012607 s      3.6 mS  --- Kt34400.Close() ---
   Info -   0.015009 s      2.4 mS  2024-04-29 02_11_18 - flush request

  Level     TimeStamp    DeltaTime    Message
   Info -   0.000000 s        0 nS  Kt34400(USB0::0x2A8D::0x8E01::CN62180061::0::INSTR, true, true, QueryInstrStatus=True, Simulate=False, Trace=True)
  Error -   0.053584 s     53.6 mS  Failed to open Resource manager
   Info -   0.054852 s      1.3 mS  --- Kt34400.Close() ---
   Info -   0.055469 s    617.1 uS  2024-04-29 02_14_06 - flush request

  Level     TimeStamp    DeltaTime    Message
   Info -   0.000000 s        0 nS  Kt34400(USB0::0x2A8D::0x8E01::CN62180061::0::INSTR, true, true, QueryInstrStatus=True, Simulate=False, Trace=True)
  Debug -   0.034107 s     34.1 mS    Command: *IDN?
  Error -   0.046702 s     12.6 mS  VI_ERROR_IO: I/O error
   Info -   0.047331 s    628.7 uS  --- Kt34400.Close() ---
   Info -   0.048502 s      1.2 mS  2024-04-29 09_02_53 - flush request
